<?xml version="1.0" encoding="UTF-8"?>
<testng-results skipped="0" failed="0" total="1" passed="1">
  <reporter-output>
  </reporter-output>
  <suite name="Default suite" duration-ms="37462" started-at="2019-09-19T06:20:38Z" finished-at="2019-09-19T06:21:15Z">
    <groups>
    </groups>
    <test name="Default test" duration-ms="37462" started-at="2019-09-19T06:20:38Z" finished-at="2019-09-19T06:21:15Z">
      <class name="tests.LoginPageUsingPageFactoryDemoNew">
        <test-method status="PASS" signature="test()[pri:0, instance:tests.LoginPageUsingPageFactoryDemoNew@2aaf7cc2]" name="test" duration-ms="37435" started-at="2019-09-19T11:50:38Z" finished-at="2019-09-19T11:51:15Z">
          <reporter-output>
          </reporter-output>
        </test-method> <!-- test -->
      </class> <!-- tests.LoginPageUsingPageFactoryDemoNew -->
    </test> <!-- Default test -->
  </suite> <!-- Default suite -->
</testng-results>
